<?xml version="1.0" encoding="UTF-8"?>
<testsuite xmlns:xsi="http://www.w3.org/2001/XMLSchema-instance" xsi:noNamespaceSchemaLocation="https://maven.apache.org/surefire/maven-surefire-plugin/xsd/surefire-test-report.xsd" name="tests.DummyTest" time="23.858" tests="1" errors="1" skipped="0" failures="0">
  <properties>
    <property name="java.specification.version" value="16"/>
    <property name="sun.jnu.encoding" value="UTF-8"/>
    <property name="java.class.path" value="/Users/sugandha/Downloads/selenium-e2e-tests/target/test-classes:/Users/sugandha/Downloads/selenium-e2e-tests/target/classes:/Users/sugandha/.m2/repository/org/seleniumhq/selenium/selenium-java/3.141.59/selenium-java-3.141.59.jar:/Users/sugandha/.m2/repository/org/seleniumhq/selenium/selenium-api/3.141.59/selenium-api-3.141.59.jar:/Users/sugandha/.m2/repository/org/seleniumhq/selenium/selenium-chrome-driver/3.141.59/selenium-chrome-driver-3.141.59.jar:/Users/sugandha/.m2/repository/org/seleniumhq/selenium/selenium-edge-driver/3.141.59/selenium-edge-driver-3.141.59.jar:/Users/sugandha/.m2/repository/org/seleniumhq/selenium/selenium-firefox-driver/3.141.59/selenium-firefox-driver-3.141.59.jar:/Users/sugandha/.m2/repository/org/seleniumhq/selenium/selenium-ie-driver/3.141.59/selenium-ie-driver-3.141.59.jar:/Users/sugandha/.m2/repository/org/seleniumhq/selenium/selenium-opera-driver/3.141.59/selenium-opera-driver-3.141.59.jar:/Users/sugandha/.m2/repository/org/seleniumhq/selenium/selenium-remote-driver/3.141.59/selenium-remote-driver-3.141.59.jar:/Users/sugandha/.m2/repository/org/seleniumhq/selenium/selenium-safari-driver/3.141.59/selenium-safari-driver-3.141.59.jar:/Users/sugandha/.m2/repository/org/seleniumhq/selenium/selenium-support/3.141.59/selenium-support-3.141.59.jar:/Users/sugandha/.m2/repository/net/bytebuddy/byte-buddy/1.8.15/byte-buddy-1.8.15.jar:/Users/sugandha/.m2/repository/org/apache/commons/commons-exec/1.3/commons-exec-1.3.jar:/Users/sugandha/.m2/repository/com/google/guava/guava/25.0-jre/guava-25.0-jre.jar:/Users/sugandha/.m2/repository/com/google/code/findbugs/jsr305/1.3.9/jsr305-1.3.9.jar:/Users/sugandha/.m2/repository/org/checkerframework/checker-compat-qual/2.0.0/checker-compat-qual-2.0.0.jar:/Users/sugandha/.m2/repository/com/google/errorprone/error_prone_annotations/2.1.3/error_prone_annotations-2.1.3.jar:/Users/sugandha/.m2/repository/com/google/j2objc/j2objc-annotations/1.1/j2objc-annotations-1.1.jar:/Users/sugandha/.m2/repository/org/codehaus/mojo/animal-sniffer-annotations/1.14/animal-sniffer-annotations-1.14.jar:/Users/sugandha/.m2/repository/com/squareup/okhttp3/okhttp/3.11.0/okhttp-3.11.0.jar:/Users/sugandha/.m2/repository/com/squareup/okio/okio/1.14.0/okio-1.14.0.jar:/Users/sugandha/.m2/repository/org/junit/jupiter/junit-jupiter/5.8.2/junit-jupiter-5.8.2.jar:/Users/sugandha/.m2/repository/org/junit/jupiter/junit-jupiter-api/5.8.2/junit-jupiter-api-5.8.2.jar:/Users/sugandha/.m2/repository/org/opentest4j/opentest4j/1.2.0/opentest4j-1.2.0.jar:/Users/sugandha/.m2/repository/org/junit/platform/junit-platform-commons/1.8.2/junit-platform-commons-1.8.2.jar:/Users/sugandha/.m2/repository/org/junit/jupiter/junit-jupiter-params/5.8.2/junit-jupiter-params-5.8.2.jar:/Users/sugandha/.m2/repository/org/junit/jupiter/junit-jupiter-engine/5.8.0/junit-jupiter-engine-5.8.0.jar:/Users/sugandha/.m2/repository/org/junit/platform/junit-platform-engine/1.8.0/junit-platform-engine-1.8.0.jar:/Users/sugandha/.m2/repository/org/apiguardian/apiguardian-api/1.1.2/apiguardian-api-1.1.2.jar:/Users/sugandha/.m2/repository/org/slf4j/slf4j-api/1.7.32/slf4j-api-1.7.32.jar:/Users/sugandha/.m2/repository/org/slf4j/slf4j-simple/1.7.32/slf4j-simple-1.7.32.jar:/Users/sugandha/.m2/repository/org/json/json/20210307/json-20210307.jar:/Users/sugandha/.m2/repository/io/qameta/allure/allure-junit5/2.16.0/allure-junit5-2.16.0.jar:/Users/sugandha/.m2/repository/io/qameta/allure/allure-junit-platform/2.16.0/allure-junit-platform-2.16.0.jar:/Users/sugandha/.m2/repository/io/qameta/allure/allure-java-commons/2.16.0/allure-java-commons-2.16.0.jar:/Users/sugandha/.m2/repository/io/qameta/allure/allure-model/2.16.0/allure-model-2.16.0.jar:/Users/sugandha/.m2/repository/io/qameta/allure/allure-test-filter/2.16.0/allure-test-filter-2.16.0.jar:/Users/sugandha/.m2/repository/org/junit/platform/junit-platform-launcher/1.8.1/junit-platform-launcher-1.8.1.jar:/Users/sugandha/.m2/repository/io/appium/java-client/7.5.1/java-client-7.5.1.jar:/Users/sugandha/.m2/repository/com/google/code/gson/gson/2.8.6/gson-2.8.6.jar:/Users/sugandha/.m2/repository/org/apache/httpcomponents/httpclient/4.5.13/httpclient-4.5.13.jar:/Users/sugandha/.m2/repository/org/apache/httpcomponents/httpcore/4.4.13/httpcore-4.4.13.jar:/Users/sugandha/.m2/repository/commons-logging/commons-logging/1.2/commons-logging-1.2.jar:/Users/sugandha/.m2/repository/commons-codec/commons-codec/1.11/commons-codec-1.11.jar:/Users/sugandha/.m2/repository/cglib/cglib/3.3.0/cglib-3.3.0.jar:/Users/sugandha/.m2/repository/org/ow2/asm/asm/7.1/asm-7.1.jar:/Users/sugandha/.m2/repository/commons-validator/commons-validator/1.7/commons-validator-1.7.jar:/Users/sugandha/.m2/repository/commons-beanutils/commons-beanutils/1.9.4/commons-beanutils-1.9.4.jar:/Users/sugandha/.m2/repository/commons-digester/commons-digester/2.1/commons-digester-2.1.jar:/Users/sugandha/.m2/repository/commons-collections/commons-collections/3.2.2/commons-collections-3.2.2.jar:/Users/sugandha/.m2/repository/org/apache/commons/commons-lang3/3.12.0/commons-lang3-3.12.0.jar:/Users/sugandha/.m2/repository/commons-io/commons-io/2.8.0/commons-io-2.8.0.jar:/Users/sugandha/.m2/repository/org/springframework/spring-context/5.3.4/spring-context-5.3.4.jar:/Users/sugandha/.m2/repository/org/springframework/spring-aop/5.3.4/spring-aop-5.3.4.jar:/Users/sugandha/.m2/repository/org/springframework/spring-beans/5.3.4/spring-beans-5.3.4.jar:/Users/sugandha/.m2/repository/org/springframework/spring-core/5.3.4/spring-core-5.3.4.jar:/Users/sugandha/.m2/repository/org/springframework/spring-jcl/5.3.4/spring-jcl-5.3.4.jar:/Users/sugandha/.m2/repository/org/springframework/spring-expression/5.3.4/spring-expression-5.3.4.jar:/Users/sugandha/.m2/repository/org/aspectj/aspectjweaver/1.9.6/aspectjweaver-1.9.6.jar:"/>
    <property name="java.vm.vendor" value="Amazon.com Inc."/>
    <property name="sun.arch.data.model" value="64"/>
    <property name="java.vendor.url" value="https://aws.amazon.com/corretto/"/>
    <property name="user.timezone" value="Europe/Berlin"/>
    <property name="os.name" value="Mac OS X"/>
    <property name="java.vm.specification.version" value="16"/>
    <property name="sun.java.launcher" value="SUN_STANDARD"/>
    <property name="user.country" value="GB"/>
    <property name="sun.boot.library.path" value="/Users/sugandha/.sdkman/candidates/java/16.0.2.7.1-amzn/lib"/>
    <property name="sun.java.command" value="/Users/sugandha/Downloads/selenium-e2e-tests/target/surefire/surefirebooter6713392586395098631.jar /Users/sugandha/Downloads/selenium-e2e-tests/target/surefire 2021-12-19T19-51-26_581-jvmRun1 surefire12157629014710275884tmp surefire_016554852685164672306tmp"/>
    <property name="driverLocation" value=""/>
    <property name="jdk.debug" value="release"/>
    <property name="surefire.test.class.path" value="/Users/sugandha/Downloads/selenium-e2e-tests/target/test-classes:/Users/sugandha/Downloads/selenium-e2e-tests/target/classes:/Users/sugandha/.m2/repository/org/seleniumhq/selenium/selenium-java/3.141.59/selenium-java-3.141.59.jar:/Users/sugandha/.m2/repository/org/seleniumhq/selenium/selenium-api/3.141.59/selenium-api-3.141.59.jar:/Users/sugandha/.m2/repository/org/seleniumhq/selenium/selenium-chrome-driver/3.141.59/selenium-chrome-driver-3.141.59.jar:/Users/sugandha/.m2/repository/org/seleniumhq/selenium/selenium-edge-driver/3.141.59/selenium-edge-driver-3.141.59.jar:/Users/sugandha/.m2/repository/org/seleniumhq/selenium/selenium-firefox-driver/3.141.59/selenium-firefox-driver-3.141.59.jar:/Users/sugandha/.m2/repository/org/seleniumhq/selenium/selenium-ie-driver/3.141.59/selenium-ie-driver-3.141.59.jar:/Users/sugandha/.m2/repository/org/seleniumhq/selenium/selenium-opera-driver/3.141.59/selenium-opera-driver-3.141.59.jar:/Users/sugandha/.m2/repository/org/seleniumhq/selenium/selenium-remote-driver/3.141.59/selenium-remote-driver-3.141.59.jar:/Users/sugandha/.m2/repository/org/seleniumhq/selenium/selenium-safari-driver/3.141.59/selenium-safari-driver-3.141.59.jar:/Users/sugandha/.m2/repository/org/seleniumhq/selenium/selenium-support/3.141.59/selenium-support-3.141.59.jar:/Users/sugandha/.m2/repository/net/bytebuddy/byte-buddy/1.8.15/byte-buddy-1.8.15.jar:/Users/sugandha/.m2/repository/org/apache/commons/commons-exec/1.3/commons-exec-1.3.jar:/Users/sugandha/.m2/repository/com/google/guava/guava/25.0-jre/guava-25.0-jre.jar:/Users/sugandha/.m2/repository/com/google/code/findbugs/jsr305/1.3.9/jsr305-1.3.9.jar:/Users/sugandha/.m2/repository/org/checkerframework/checker-compat-qual/2.0.0/checker-compat-qual-2.0.0.jar:/Users/sugandha/.m2/repository/com/google/errorprone/error_prone_annotations/2.1.3/error_prone_annotations-2.1.3.jar:/Users/sugandha/.m2/repository/com/google/j2objc/j2objc-annotations/1.1/j2objc-annotations-1.1.jar:/Users/sugandha/.m2/repository/org/codehaus/mojo/animal-sniffer-annotations/1.14/animal-sniffer-annotations-1.14.jar:/Users/sugandha/.m2/repository/com/squareup/okhttp3/okhttp/3.11.0/okhttp-3.11.0.jar:/Users/sugandha/.m2/repository/com/squareup/okio/okio/1.14.0/okio-1.14.0.jar:/Users/sugandha/.m2/repository/org/junit/jupiter/junit-jupiter/5.8.2/junit-jupiter-5.8.2.jar:/Users/sugandha/.m2/repository/org/junit/jupiter/junit-jupiter-api/5.8.2/junit-jupiter-api-5.8.2.jar:/Users/sugandha/.m2/repository/org/opentest4j/opentest4j/1.2.0/opentest4j-1.2.0.jar:/Users/sugandha/.m2/repository/org/junit/platform/junit-platform-commons/1.8.2/junit-platform-commons-1.8.2.jar:/Users/sugandha/.m2/repository/org/junit/jupiter/junit-jupiter-params/5.8.2/junit-jupiter-params-5.8.2.jar:/Users/sugandha/.m2/repository/org/junit/jupiter/junit-jupiter-engine/5.8.0/junit-jupiter-engine-5.8.0.jar:/Users/sugandha/.m2/repository/org/junit/platform/junit-platform-engine/1.8.0/junit-platform-engine-1.8.0.jar:/Users/sugandha/.m2/repository/org/apiguardian/apiguardian-api/1.1.2/apiguardian-api-1.1.2.jar:/Users/sugandha/.m2/repository/org/slf4j/slf4j-api/1.7.32/slf4j-api-1.7.32.jar:/Users/sugandha/.m2/repository/org/slf4j/slf4j-simple/1.7.32/slf4j-simple-1.7.32.jar:/Users/sugandha/.m2/repository/org/json/json/20210307/json-20210307.jar:/Users/sugandha/.m2/repository/io/qameta/allure/allure-junit5/2.16.0/allure-junit5-2.16.0.jar:/Users/sugandha/.m2/repository/io/qameta/allure/allure-junit-platform/2.16.0/allure-junit-platform-2.16.0.jar:/Users/sugandha/.m2/repository/io/qameta/allure/allure-java-commons/2.16.0/allure-java-commons-2.16.0.jar:/Users/sugandha/.m2/repository/io/qameta/allure/allure-model/2.16.0/allure-model-2.16.0.jar:/Users/sugandha/.m2/repository/io/qameta/allure/allure-test-filter/2.16.0/allure-test-filter-2.16.0.jar:/Users/sugandha/.m2/repository/org/junit/platform/junit-platform-launcher/1.8.1/junit-platform-launcher-1.8.1.jar:/Users/sugandha/.m2/repository/io/appium/java-client/7.5.1/java-client-7.5.1.jar:/Users/sugandha/.m2/repository/com/google/code/gson/gson/2.8.6/gson-2.8.6.jar:/Users/sugandha/.m2/repository/org/apache/httpcomponents/httpclient/4.5.13/httpclient-4.5.13.jar:/Users/sugandha/.m2/repository/org/apache/httpcomponents/httpcore/4.4.13/httpcore-4.4.13.jar:/Users/sugandha/.m2/repository/commons-logging/commons-logging/1.2/commons-logging-1.2.jar:/Users/sugandha/.m2/repository/commons-codec/commons-codec/1.11/commons-codec-1.11.jar:/Users/sugandha/.m2/repository/cglib/cglib/3.3.0/cglib-3.3.0.jar:/Users/sugandha/.m2/repository/org/ow2/asm/asm/7.1/asm-7.1.jar:/Users/sugandha/.m2/repository/commons-validator/commons-validator/1.7/commons-validator-1.7.jar:/Users/sugandha/.m2/repository/commons-beanutils/commons-beanutils/1.9.4/commons-beanutils-1.9.4.jar:/Users/sugandha/.m2/repository/commons-digester/commons-digester/2.1/commons-digester-2.1.jar:/Users/sugandha/.m2/repository/commons-collections/commons-collections/3.2.2/commons-collections-3.2.2.jar:/Users/sugandha/.m2/repository/org/apache/commons/commons-lang3/3.12.0/commons-lang3-3.12.0.jar:/Users/sugandha/.m2/repository/commons-io/commons-io/2.8.0/commons-io-2.8.0.jar:/Users/sugandha/.m2/repository/org/springframework/spring-context/5.3.4/spring-context-5.3.4.jar:/Users/sugandha/.m2/repository/org/springframework/spring-aop/5.3.4/spring-aop-5.3.4.jar:/Users/sugandha/.m2/repository/org/springframework/spring-beans/5.3.4/spring-beans-5.3.4.jar:/Users/sugandha/.m2/repository/org/springframework/spring-core/5.3.4/spring-core-5.3.4.jar:/Users/sugandha/.m2/repository/org/springframework/spring-jcl/5.3.4/spring-jcl-5.3.4.jar:/Users/sugandha/.m2/repository/org/springframework/spring-expression/5.3.4/spring-expression-5.3.4.jar:/Users/sugandha/.m2/repository/org/aspectj/aspectjweaver/1.9.6/aspectjweaver-1.9.6.jar:"/>
    <property name="sun.cpu.endian" value="little"/>
    <property name="user.home" value="/Users/sugandha"/>
    <property name="user.language" value="en"/>
    <property name="java.specification.vendor" value="Oracle Corporation"/>
    <property name="java.version.date" value="2021-07-20"/>
    <property name="java.home" value="/Users/sugandha/.sdkman/candidates/java/16.0.2.7.1-amzn"/>
    <property name="file.separator" value="/"/>
    <property name="basedir" value="/Users/sugandha/Downloads/selenium-e2e-tests"/>
    <property name="java.vm.compressedOopsMode" value="Zero based"/>
    <property name="line.separator" value="&#10;"/>
    <property name="java.specification.name" value="Java Platform API Specification"/>
    <property name="java.vm.specification.vendor" value="Oracle Corporation"/>
    <property name="screensPath" value=""/>
    <property name="surefire.real.class.path" value="/Users/sugandha/Downloads/selenium-e2e-tests/target/surefire/surefirebooter6713392586395098631.jar"/>
    <property name="sun.management.compiler" value="HotSpot 64-Bit Tiered Compilers"/>
    <property name="java.runtime.version" value="16.0.2+7"/>
    <property name="user.name" value="sugandha"/>
    <property name="path.separator" value=":"/>
    <property name="testEnv" value=""/>
    <property name="os.version" value="11.4"/>
    <property name="java.runtime.name" value="OpenJDK Runtime Environment"/>
    <property name="file.encoding" value="UTF-8"/>
    <property name="java.vm.name" value="OpenJDK 64-Bit Server VM"/>
    <property name="java.vendor.version" value="Corretto-16.0.2.7.1"/>
    <property name="localRepository" value="/Users/sugandha/.m2/repository"/>
    <property name="java.vendor.url.bug" value="https://github.com/corretto/corretto-jdk/issues/"/>
    <property name="java.io.tmpdir" value="/var/folders/93/k86gf63j31d6bxvr4rg9vljr0000gn/T/"/>
    <property name="java.version" value="16.0.2"/>
    <property name="user.dir" value="/Users/sugandha/Downloads/selenium-e2e-tests"/>
    <property name="os.arch" value="x86_64"/>
    <property name="java.vm.specification.name" value="Java Virtual Machine Specification"/>
    <property name="java.library.path" value="/Users/sugandha/Library/Java/Extensions:/Library/Java/Extensions:/Network/Library/Java/Extensions:/System/Library/Java/Extensions:/usr/lib/java:."/>
    <property name="junit.jupiter.extensions.autodetection.enabled" value="true"/>
    <property name="java.vm.info" value="mixed mode, sharing"/>
    <property name="java.vendor" value="Amazon.com Inc."/>
    <property name="java.vm.version" value="16.0.2+7"/>
    <property name="sun.io.unicode.encoding" value="UnicodeBig"/>
    <property name="java.class.version" value="60.0"/>
  </properties>
  <testcase name="openGoogle" classname="tests.DummyTest" time="18.785">
    <error message="Expected condition failed: waiting for visibility of all elements located by By.xpath: //*[contains(text(),&apos;Domain suchen&apos;)] (tried for 15 second(s) with 500 milliseconds interval)&#10;Build info: version: &apos;3.141.59&apos;, revision: &apos;e82be7d358&apos;, time: &apos;2018-11-14T08:17:03&apos;&#10;System info: host: &apos;Sugandhas-MacBook-Pro.local&apos;, ip: &apos;2a02:8109:b540:478e:f02f:638:9ca4:bd31%en0&apos;, os.name: &apos;Mac OS X&apos;, os.arch: &apos;x86_64&apos;, os.version: &apos;11.4&apos;, java.version: &apos;16.0.2&apos;&#10;Driver info: org.openqa.selenium.chrome.ChromeDriver&#10;Capabilities {acceptInsecureCerts: false, browserName: chrome, browserVersion: 96.0.4664.110, chrome: {chromedriverVersion: 96.0.4664.45 (76e4c1bb2ab46..., userDataDir: /var/folders/93/k86gf63j31d...}, goog:chromeOptions: {debuggerAddress: localhost:51070}, javascriptEnabled: true, networkConnectionEnabled: false, pageLoadStrategy: normal, platform: MAC, platformName: MAC, proxy: Proxy(), setWindowRect: true, strictFileInteractability: false, timeouts: {implicit: 0, pageLoad: 300000, script: 30000}, unhandledPromptBehavior: dismiss and notify, webauthn:extension:credBlob: true, webauthn:extension:largeBlob: true, webauthn:virtualAuthenticators: true}&#10;Session ID: 69ffb789aa17bab3c1f17b6882cf7fe5" type="org.openqa.selenium.TimeoutException">org.openqa.selenium.TimeoutException: 
Expected condition failed: waiting for visibility of all elements located by By.xpath: //*[contains(text(),'Domain suchen')] (tried for 15 second(s) with 500 milliseconds interval)
Build info: version: '3.141.59', revision: 'e82be7d358', time: '2018-11-14T08:17:03'
System info: host: 'Sugandhas-MacBook-Pro.local', ip: '2a02:8109:b540:478e:f02f:638:9ca4:bd31%en0', os.name: 'Mac OS X', os.arch: 'x86_64', os.version: '11.4', java.version: '16.0.2'
Driver info: org.openqa.selenium.chrome.ChromeDriver
Capabilities {acceptInsecureCerts: false, browserName: chrome, browserVersion: 96.0.4664.110, chrome: {chromedriverVersion: 96.0.4664.45 (76e4c1bb2ab46..., userDataDir: /var/folders/93/k86gf63j31d...}, goog:chromeOptions: {debuggerAddress: localhost:51070}, javascriptEnabled: true, networkConnectionEnabled: false, pageLoadStrategy: normal, platform: MAC, platformName: MAC, proxy: Proxy(), setWindowRect: true, strictFileInteractability: false, timeouts: {implicit: 0, pageLoad: 300000, script: 30000}, unhandledPromptBehavior: dismiss and notify, webauthn:extension:credBlob: true, webauthn:extension:largeBlob: true, webauthn:virtualAuthenticators: true}
Session ID: 69ffb789aa17bab3c1f17b6882cf7fe5
	at tests.DummyTest.openGoogle(DummyTest.java:12)
</error>
    <system-err><![CDATA[Starting ChromeDriver 96.0.4664.45 (76e4c1bb2ab4671b8beba3444e61c0f17584b2fc-refs/branch-heads/4664@{#947}) on port 14616
Only local connections are allowed.
Please see https://chromedriver.chromium.org/security-considerations for suggestions on keeping ChromeDriver safe.
ChromeDriver was started successfully.
Dec 19, 2021 7:51:34 PM org.openqa.selenium.remote.ProtocolHandshake createSession
INFO: Detected dialect: W3C
]]></system-err>
  </testcase>
</testsuite>